<?xml version="1.0" encoding="UTF-8"?>
<!-- Generated by org.testng.reporters.JUnitReportReporter -->
<testsuite skipped="0" hostname="AA-PC" name="p2.Mytest2" tests="3" failures="0" timestamp="16 Jul 2019 03:57:01 GMT" time="0.015" errors="0">
  <testcase name="tc004" time="0.015" classname="p2.Mytest2"/>
  <testcase name="tc005" time="0.000" classname="p2.Mytest2"/>
  <testcase name="tc006" time="0.000" classname="p2.Mytest2"/>
</testsuite> <!-- p2.Mytest2 -->
