<?xml version="1.0" encoding="UTF-8"?>
<!-- Generated by org.testng.reporters.JUnitReportReporter -->
<testsuite skipped="0" hostname="AA-PC" name="p1.Mytest1" tests="3" failures="0" timestamp="16 Jul 2019 03:57:01 GMT" time="0.015" errors="0">
  <testcase name="tc003" time="0.000" classname="p1.Mytest1"/>
  <testcase name="tc001" time="0.015" classname="p1.Mytest1"/>
  <testcase name="tc002" time="0.000" classname="p1.Mytest1"/>
</testsuite> <!-- p1.Mytest1 -->
